2013-08-16T18:12:32+08:00 DEBUG: --- STARTUP TIME --- 1376647952.8555
2013-08-16T18:12:32+08:00 DEBUG: session_id: knkl2m01cbssqt2vfdhnujdjn3
2013-08-16T18:12:32+08:00 INFO: REQUEST METHOD：GET
2013-08-16T18:12:32+08:00 DEBUG: REQUEST UDI: default::default/index@default
2013-08-16T18:12:32+08:00 DEBUG: 127.0.0.1
2013-08-16T18:12:32+08:00 DEBUG: EXECUTE ACTION: Controller_Default::actionindex()
2013-08-16T18:12:32+08:00 DEBUG: --- SHUTDOWN TIME --- 1376647952.8907 (0.035100936889648)sec
2013-08-16T18:12:35+08:00 DEBUG: --- STARTUP TIME --- 1376647955.3597
2013-08-16T18:12:35+08:00 DEBUG: session_id: knkl2m01cbssqt2vfdhnujdjn3
2013-08-16T18:12:35+08:00 INFO: REQUEST METHOD：GET
2013-08-16T18:12:35+08:00 DEBUG: REQUEST UDI: default::default/about@default
2013-08-16T18:12:35+08:00 DEBUG: 127.0.0.1
2013-08-16T18:12:35+08:00 DEBUG: EXECUTE ACTION: Controller_Default::actionabout()
2013-08-16T18:12:35+08:00 DEBUG: --- SHUTDOWN TIME --- 1376647955.3806 (0.02095103263855)sec
2013-08-16T18:12:36+08:00 DEBUG: --- STARTUP TIME --- 1376647956.1457
2013-08-16T18:12:36+08:00 DEBUG: session_id: knkl2m01cbssqt2vfdhnujdjn3
2013-08-16T18:12:36+08:00 INFO: REQUEST METHOD：GET
2013-08-16T18:12:36+08:00 DEBUG: REQUEST UDI: default::default/news@default
2013-08-16T18:12:36+08:00 DEBUG: 127.0.0.1
2013-08-16T18:12:36+08:00 DEBUG: EXECUTE ACTION: Controller_Default::actionnews()
2013-08-16T18:12:36+08:00 DEBUG: --- SHUTDOWN TIME --- 1376647956.1665 (0.020750045776367)sec
2013-08-16T18:12:37+08:00 DEBUG: --- STARTUP TIME --- 1376647957.2498
2013-08-16T18:12:37+08:00 DEBUG: session_id: knkl2m01cbssqt2vfdhnujdjn3
2013-08-16T18:12:37+08:00 INFO: REQUEST METHOD：GET
2013-08-16T18:12:37+08:00 DEBUG: REQUEST UDI: default::default/docs@default
2013-08-16T18:12:37+08:00 DEBUG: 127.0.0.1
2013-08-16T18:12:37+08:00 DEBUG: EXECUTE ACTION: Controller_Default::actiondocs()
2013-08-16T18:12:37+08:00 DEBUG: --- SHUTDOWN TIME --- 1376647957.2723 (0.022517919540405)sec
2013-08-16T18:52:04+08:00 DEBUG: --- STARTUP TIME --- 1376650324.1432
2013-08-16T18:52:04+08:00 DEBUG: session_id: knkl2m01cbssqt2vfdhnujdjn3
2013-08-16T18:52:04+08:00 INFO: REQUEST METHOD：GET
2013-08-16T18:52:04+08:00 DEBUG: REQUEST UDI: default::default/index@default
2013-08-16T18:52:04+08:00 DEBUG: 127.0.0.1
2013-08-16T18:52:04+08:00 DEBUG: EXECUTE ACTION: Controller_Default::actionindex()
2013-08-16T18:52:04+08:00 DEBUG: --- SHUTDOWN TIME --- 1376650324.1768 (0.033668041229248)sec
2013-08-16T18:52:06+08:00 DEBUG: --- STARTUP TIME --- 1376650326.1703
2013-08-16T18:52:06+08:00 DEBUG: session_id: knkl2m01cbssqt2vfdhnujdjn3
2013-08-16T18:52:06+08:00 INFO: REQUEST METHOD：GET
2013-08-16T18:52:06+08:00 DEBUG: REQUEST UDI: default::default/download@default
2013-08-16T18:52:06+08:00 DEBUG: 127.0.0.1
2013-08-16T18:52:06+08:00 DEBUG: EXECUTE ACTION: Controller_Default::actiondownload()
2013-08-16T18:52:06+08:00 DEBUG: --- SHUTDOWN TIME --- 1376650326.1935 (0.023157835006714)sec
2013-08-16T18:52:22+08:00 DEBUG: --- STARTUP TIME --- 1376650342.9243
2013-08-16T18:52:22+08:00 DEBUG: session_id: knkl2m01cbssqt2vfdhnujdjn3
2013-08-16T18:52:22+08:00 INFO: REQUEST METHOD：GET
2013-08-16T18:52:22+08:00 DEBUG: REQUEST UDI: default::default/download@default
2013-08-16T18:52:22+08:00 DEBUG: 127.0.0.1
2013-08-16T18:52:22+08:00 DEBUG: EXECUTE ACTION: Controller_Default::actiondownload()
2013-08-16T18:52:22+08:00 DEBUG: --- SHUTDOWN TIME --- 1376650342.9589 (0.034623861312866)sec
2013-08-16T18:52:46+08:00 DEBUG: --- STARTUP TIME --- 1376650366.2726
2013-08-16T18:52:46+08:00 DEBUG: session_id: knkl2m01cbssqt2vfdhnujdjn3
2013-08-16T18:52:46+08:00 INFO: REQUEST METHOD：GET
2013-08-16T18:52:46+08:00 DEBUG: REQUEST UDI: default::default/download@default
2013-08-16T18:52:46+08:00 DEBUG: 127.0.0.1
2013-08-16T18:52:46+08:00 DEBUG: EXECUTE ACTION: Controller_Default::actiondownload()
2013-08-16T18:52:46+08:00 DEBUG: --- SHUTDOWN TIME --- 1376650366.3069 (0.034328937530518)sec
2013-08-16T18:53:07+08:00 DEBUG: --- STARTUP TIME --- 1376650387.7818
2013-08-16T18:53:07+08:00 DEBUG: session_id: knkl2m01cbssqt2vfdhnujdjn3
2013-08-16T18:53:07+08:00 INFO: REQUEST METHOD：GET
2013-08-16T18:53:07+08:00 DEBUG: REQUEST UDI: default::default/download@default
2013-08-16T18:53:07+08:00 DEBUG: 127.0.0.1
2013-08-16T18:53:07+08:00 DEBUG: EXECUTE ACTION: Controller_Default::actiondownload()
2013-08-16T18:53:07+08:00 DEBUG: --- SHUTDOWN TIME --- 1376650387.8022 (0.020395040512085)sec
2013-08-16T18:53:22+08:00 DEBUG: --- STARTUP TIME --- 1376650402.4167
2013-08-16T18:53:22+08:00 DEBUG: session_id: knkl2m01cbssqt2vfdhnujdjn3
2013-08-16T18:53:22+08:00 INFO: REQUEST METHOD：GET
2013-08-16T18:53:22+08:00 DEBUG: REQUEST UDI: default::default/download@default
2013-08-16T18:53:22+08:00 DEBUG: 127.0.0.1
2013-08-16T18:53:22+08:00 DEBUG: EXECUTE ACTION: Controller_Default::actiondownload()
2013-08-16T18:53:22+08:00 DEBUG: --- SHUTDOWN TIME --- 1376650402.453 (0.0363609790802)sec
2013-08-16T18:53:37+08:00 DEBUG: --- STARTUP TIME --- 1376650417.9335
2013-08-16T18:53:37+08:00 DEBUG: session_id: knkl2m01cbssqt2vfdhnujdjn3
2013-08-16T18:53:37+08:00 INFO: REQUEST METHOD：GET
2013-08-16T18:53:37+08:00 DEBUG: REQUEST UDI: default::default/docs@default
2013-08-16T18:53:37+08:00 DEBUG: 127.0.0.1
2013-08-16T18:53:37+08:00 DEBUG: EXECUTE ACTION: Controller_Default::actiondocs()
2013-08-16T18:53:37+08:00 DEBUG: --- SHUTDOWN TIME --- 1376650417.9538 (0.020295143127441)sec
2013-08-16T18:53:38+08:00 DEBUG: --- STARTUP TIME --- 1376650418.7446
2013-08-16T18:53:38+08:00 DEBUG: session_id: knkl2m01cbssqt2vfdhnujdjn3
2013-08-16T18:53:38+08:00 INFO: REQUEST METHOD：GET
2013-08-16T18:53:38+08:00 DEBUG: REQUEST UDI: default::tools/buildcontroller@default
2013-08-16T18:53:38+08:00 DEBUG: 127.0.0.1
2013-08-16T18:53:38+08:00 DEBUG: EXECUTE ACTION: Controller_Tools::actionbuildcontroller()
2013-08-16T18:53:38+08:00 DEBUG: --- SHUTDOWN TIME --- 1376650418.7679 (0.023302793502808)sec
2013-08-16T18:53:39+08:00 DEBUG: --- STARTUP TIME --- 1376650419.9107
2013-08-16T18:53:39+08:00 DEBUG: session_id: knkl2m01cbssqt2vfdhnujdjn3
2013-08-16T18:53:39+08:00 INFO: REQUEST METHOD：GET
2013-08-16T18:53:39+08:00 DEBUG: REQUEST UDI: default::default/download@default
2013-08-16T18:53:39+08:00 DEBUG: 127.0.0.1
2013-08-16T18:53:39+08:00 DEBUG: EXECUTE ACTION: Controller_Default::actiondownload()
2013-08-16T18:53:39+08:00 DEBUG: --- SHUTDOWN TIME --- 1376650419.9336 (0.022954940795898)sec
2013-08-16T18:53:40+08:00 DEBUG: --- STARTUP TIME --- 1376650420.8997
2013-08-16T18:53:40+08:00 DEBUG: session_id: knkl2m01cbssqt2vfdhnujdjn3
2013-08-16T18:53:40+08:00 INFO: REQUEST METHOD：GET
2013-08-16T18:53:40+08:00 DEBUG: REQUEST UDI: default::default/about@default
2013-08-16T18:53:40+08:00 DEBUG: 127.0.0.1
2013-08-16T18:53:40+08:00 DEBUG: EXECUTE ACTION: Controller_Default::actionabout()
2013-08-16T18:53:40+08:00 DEBUG: --- SHUTDOWN TIME --- 1376650420.9243 (0.024593114852905)sec
2013-08-16T18:53:44+08:00 DEBUG: --- STARTUP TIME --- 1376650424.4169
2013-08-16T18:53:44+08:00 DEBUG: session_id: knkl2m01cbssqt2vfdhnujdjn3
2013-08-16T18:53:44+08:00 INFO: REQUEST METHOD：GET
2013-08-16T18:53:44+08:00 DEBUG: REQUEST UDI: default::default/about@default
2013-08-16T18:53:44+08:00 DEBUG: 127.0.0.1
2013-08-16T18:53:44+08:00 DEBUG: EXECUTE ACTION: Controller_Default::actionabout()
2013-08-16T18:53:44+08:00 DEBUG: --- SHUTDOWN TIME --- 1376650424.4411 (0.024160861968994)sec
2013-08-16T18:53:46+08:00 DEBUG: --- STARTUP TIME --- 1376650426.162
2013-08-16T18:53:46+08:00 DEBUG: session_id: knkl2m01cbssqt2vfdhnujdjn3
2013-08-16T18:53:46+08:00 INFO: REQUEST METHOD：GET
2013-08-16T18:53:46+08:00 DEBUG: REQUEST UDI: default::default/index@default
2013-08-16T18:53:46+08:00 DEBUG: 127.0.0.1
2013-08-16T18:53:46+08:00 DEBUG: EXECUTE ACTION: Controller_Default::actionindex()
2013-08-16T18:53:46+08:00 DEBUG: --- SHUTDOWN TIME --- 1376650426.1829 (0.020853996276855)sec
2013-08-16T18:55:28+08:00 DEBUG: --- STARTUP TIME --- 1376650528.7699
2013-08-16T18:55:28+08:00 DEBUG: session_id: knkl2m01cbssqt2vfdhnujdjn3
2013-08-16T18:55:28+08:00 INFO: REQUEST METHOD：GET
2013-08-16T18:55:28+08:00 DEBUG: REQUEST UDI: default::default/index@default
2013-08-16T18:55:28+08:00 DEBUG: 127.0.0.1
2013-08-16T18:55:28+08:00 DEBUG: EXECUTE ACTION: Controller_Default::actionindex()
2013-08-16T18:55:28+08:00 DEBUG: --- SHUTDOWN TIME --- 1376650528.8105 (0.040591955184937)sec
