2013-09-23T11:54:37+08:00 DEBUG: --- STARTUP TIME --- 1379908477.5188
2013-09-23T11:54:37+08:00 DEBUG: session_id: kgng22uvg2uk6n0u4r1mlf6md7
2013-09-23T11:54:37+08:00 INFO: REQUEST METHOD：GET
2013-09-23T11:54:37+08:00 DEBUG: REQUEST UDI: default::default/index@default
2013-09-23T11:54:37+08:00 DEBUG: 127.0.0.1
2013-09-23T11:54:37+08:00 DEBUG: EXECUTE ACTION: Controller_Default::actionindex()
2013-09-23T11:54:37+08:00 DEBUG: --- SHUTDOWN TIME --- 1379908477.5679 (0.049107789993286)sec
2013-09-23T11:54:44+08:00 DEBUG: --- STARTUP TIME --- 1379908484.0012
2013-09-23T11:54:44+08:00 DEBUG: session_id: kgng22uvg2uk6n0u4r1mlf6md7
2013-09-23T11:54:44+08:00 INFO: REQUEST METHOD：GET
2013-09-23T11:54:44+08:00 DEBUG: REQUEST UDI: default::tasks/index@default
2013-09-23T11:54:44+08:00 DEBUG: 127.0.0.1
2013-09-23T11:54:44+08:00 DEBUG: EXECUTE ACTION: Controller_Tasks::actionindex()
2013-09-23T11:54:44+08:00 DEBUG: --- SHUTDOWN TIME --- 1379908484.0357 (0.034516096115112)sec
2013-09-23T11:54:46+08:00 DEBUG: --- STARTUP TIME --- 1379908486.9003
2013-09-23T11:54:46+08:00 DEBUG: session_id: kgng22uvg2uk6n0u4r1mlf6md7
2013-09-23T11:54:46+08:00 INFO: REQUEST METHOD：GET
2013-09-23T11:54:46+08:00 DEBUG: REQUEST UDI: default::default/index@default
2013-09-23T11:54:46+08:00 DEBUG: 127.0.0.1
2013-09-23T11:54:46+08:00 DEBUG: EXECUTE ACTION: Controller_Default::actionindex()
2013-09-23T11:54:46+08:00 DEBUG: --- SHUTDOWN TIME --- 1379908486.9248 (0.024428129196167)sec
2013-09-23T11:54:55+08:00 DEBUG: --- STARTUP TIME --- 1379908495.7068
2013-09-23T11:54:55+08:00 DEBUG: session_id: kgng22uvg2uk6n0u4r1mlf6md7
2013-09-23T11:54:55+08:00 INFO: REQUEST METHOD：GET
2013-09-23T11:54:55+08:00 DEBUG: REQUEST UDI: default::users/login@default
2013-09-23T11:54:55+08:00 DEBUG: 127.0.0.1
2013-09-23T11:54:55+08:00 DEBUG: EXECUTE ACTION: Controller_Users::actionlogin()
2013-09-23T11:54:55+08:00 DEBUG: --- SHUTDOWN TIME --- 1379908495.7354 (0.028546094894409)sec
2013-09-23T11:54:57+08:00 DEBUG: --- STARTUP TIME --- 1379908497.4779
2013-09-23T11:54:57+08:00 DEBUG: session_id: kgng22uvg2uk6n0u4r1mlf6md7
2013-09-23T11:54:57+08:00 INFO: REQUEST METHOD：POST
2013-09-23T11:54:57+08:00 DEBUG: REQUEST UDI: default::users/login@default
2013-09-23T11:54:57+08:00 DEBUG: 127.0.0.1
2013-09-23T11:54:57+08:00 DEBUG: EXECUTE ACTION: Controller_Users::actionlogin()
2013-09-23T11:54:57+08:00 DEBUG: [DB EXECUTE] USE `todo_db`
2013-09-23T11:54:57+08:00 DEBUG: [DB EXECUTE] SET NAMES 'utf8'
2013-09-23T11:54:57+08:00 DEBUG: [DB EXECUTE] SHOW FULL COLUMNS FROM `todo_db`.`users`
2013-09-23T11:54:57+08:00 DEBUG: [DB EXECUTE] SELECT `users`.*   FROM `todo_db`.`users`   WHERE ((username ='steven')) LIMIT 1
2013-09-23T11:54:57+08:00 DEBUG: --- SHUTDOWN TIME --- 1379908497.5429 (0.064992904663086)sec
2013-09-23T11:54:57+08:00 DEBUG: --- STARTUP TIME --- 1379908497.5509
2013-09-23T11:54:57+08:00 DEBUG: session_id: kgng22uvg2uk6n0u4r1mlf6md7
2013-09-23T11:54:57+08:00 INFO: REQUEST METHOD：GET
2013-09-23T11:54:57+08:00 DEBUG: REQUEST UDI: default::default/index@default
2013-09-23T11:54:57+08:00 DEBUG: 127.0.0.1
2013-09-23T11:54:57+08:00 DEBUG: EXECUTE ACTION: Controller_Default::actionindex()
2013-09-23T11:54:57+08:00 DEBUG: --- SHUTDOWN TIME --- 1379908497.5781 (0.027137041091919)sec
2013-09-23T11:55:02+08:00 DEBUG: --- STARTUP TIME --- 1379908502.6062
2013-09-23T11:55:02+08:00 DEBUG: session_id: kgng22uvg2uk6n0u4r1mlf6md7
2013-09-23T11:55:02+08:00 INFO: REQUEST METHOD：GET
2013-09-23T11:55:02+08:00 DEBUG: REQUEST UDI: default::tasks/index@default
2013-09-23T11:55:02+08:00 DEBUG: 127.0.0.1
2013-09-23T11:55:02+08:00 DEBUG: EXECUTE ACTION: Controller_Tasks::actionindex()
2013-09-23T11:55:02+08:00 DEBUG: [DB EXECUTE] USE `todo_db`
2013-09-23T11:55:02+08:00 DEBUG: [DB EXECUTE] SET NAMES 'utf8'
2013-09-23T11:55:02+08:00 DEBUG: [DB EXECUTE] SHOW FULL COLUMNS FROM `todo_db`.`users`
2013-09-23T11:55:02+08:00 DEBUG: [DB EXECUTE] SELECT `users`.*   FROM `todo_db`.`users`   WHERE ((user_id = '1')) LIMIT 1
2013-09-23T11:55:02+08:00 DEBUG: [DB EXECUTE] SHOW FULL COLUMNS FROM `todo_db`.`tasks`
2013-09-23T11:55:02+08:00 DEBUG: [DB EXECUTE] SELECT COUNT(*)   FROM `todo_db`.`tasks`   WHERE ((owner_id='1'))
2013-09-23T11:55:02+08:00 DEBUG: [DB EXECUTE] SELECT `tasks`.*   FROM `todo_db`.`tasks`   WHERE ((owner_id='1')) LIMIT 0, 5
2013-09-23T11:55:02+08:00 DEBUG: --- SHUTDOWN TIME --- 1379908502.6792 (0.072942018508911)sec
2013-09-23T11:58:10+08:00 DEBUG: --- STARTUP TIME --- 1379908690.638
2013-09-23T11:58:10+08:00 DEBUG: session_id: kgng22uvg2uk6n0u4r1mlf6md7
2013-09-23T11:58:10+08:00 INFO: REQUEST METHOD：GET
2013-09-23T11:58:10+08:00 DEBUG: REQUEST UDI: default::tasks/edit@default
2013-09-23T11:58:10+08:00 DEBUG: 127.0.0.1
2013-09-23T11:58:10+08:00 DEBUG: EXECUTE ACTION: Controller_Tasks::actionedit()
2013-09-23T11:58:10+08:00 DEBUG: [DB EXECUTE] USE `todo_db`
2013-09-23T11:58:10+08:00 DEBUG: [DB EXECUTE] SET NAMES 'utf8'
2013-09-23T11:58:10+08:00 DEBUG: [DB EXECUTE] SHOW FULL COLUMNS FROM `todo_db`.`users`
2013-09-23T11:58:10+08:00 DEBUG: [DB EXECUTE] SELECT `users`.*   FROM `todo_db`.`users`   WHERE ((user_id = '1')) LIMIT 1
2013-09-23T11:58:10+08:00 DEBUG: [DB EXECUTE] SHOW FULL COLUMNS FROM `todo_db`.`tasks`
2013-09-23T11:58:10+08:00 DEBUG: [DB EXECUTE] SELECT `tasks`.*   FROM `todo_db`.`tasks`   WHERE ((task_id =NULL and owner_id ='1')) LIMIT 1
2013-09-23T11:58:10+08:00 DEBUG: --- SHUTDOWN TIME --- 1379908690.7181 (0.080127954483032)sec
2013-09-23T11:58:16+08:00 DEBUG: --- STARTUP TIME --- 1379908696.1103
2013-09-23T11:58:16+08:00 DEBUG: session_id: kgng22uvg2uk6n0u4r1mlf6md7
2013-09-23T11:58:16+08:00 INFO: REQUEST METHOD：GET
2013-09-23T11:58:16+08:00 DEBUG: REQUEST UDI: default::tasks/index@default
2013-09-23T11:58:16+08:00 DEBUG: 127.0.0.1
2013-09-23T11:58:16+08:00 DEBUG: EXECUTE ACTION: Controller_Tasks::actionindex()
2013-09-23T11:58:16+08:00 DEBUG: [DB EXECUTE] USE `todo_db`
2013-09-23T11:58:16+08:00 DEBUG: [DB EXECUTE] SET NAMES 'utf8'
2013-09-23T11:58:16+08:00 DEBUG: [DB EXECUTE] SHOW FULL COLUMNS FROM `todo_db`.`users`
2013-09-23T11:58:16+08:00 DEBUG: [DB EXECUTE] SELECT `users`.*   FROM `todo_db`.`users`   WHERE ((user_id = '1')) LIMIT 1
2013-09-23T11:58:16+08:00 DEBUG: [DB EXECUTE] SHOW FULL COLUMNS FROM `todo_db`.`tasks`
2013-09-23T11:58:16+08:00 DEBUG: [DB EXECUTE] SELECT COUNT(*)   FROM `todo_db`.`tasks`   WHERE ((owner_id='1'))
2013-09-23T11:58:16+08:00 DEBUG: [DB EXECUTE] SELECT `tasks`.*   FROM `todo_db`.`tasks`   WHERE ((owner_id='1')) LIMIT 0, 5
2013-09-23T11:58:16+08:00 DEBUG: --- SHUTDOWN TIME --- 1379908696.1812 (0.070858001708984)sec
2013-09-23T11:58:17+08:00 DEBUG: --- STARTUP TIME --- 1379908697.1074
2013-09-23T11:58:17+08:00 DEBUG: session_id: kgng22uvg2uk6n0u4r1mlf6md7
2013-09-23T11:58:17+08:00 INFO: REQUEST METHOD：GET
2013-09-23T11:58:17+08:00 DEBUG: REQUEST UDI: default::tasks/create@default
2013-09-23T11:58:17+08:00 DEBUG: 127.0.0.1
2013-09-23T11:58:17+08:00 DEBUG: EXECUTE ACTION: Controller_Tasks::actioncreate()
2013-09-23T11:58:17+08:00 DEBUG: --- SHUTDOWN TIME --- 1379908697.1355 (0.028162956237793)sec
2013-09-23T11:59:31+08:00 DEBUG: --- STARTUP TIME --- 1379908771.1376
2013-09-23T11:59:31+08:00 DEBUG: session_id: kgng22uvg2uk6n0u4r1mlf6md7
2013-09-23T11:59:31+08:00 INFO: REQUEST METHOD：GET
2013-09-23T11:59:31+08:00 DEBUG: REQUEST UDI: default::default/docs@default
2013-09-23T11:59:31+08:00 DEBUG: 127.0.0.1
2013-09-23T11:59:31+08:00 DEBUG: EXECUTE ACTION: Controller_Default::actiondocs()
2013-09-23T11:59:31+08:00 DEBUG: --- SHUTDOWN TIME --- 1379908771.1763 (0.038725137710571)sec
2013-09-23T12:00:23+08:00 DEBUG: --- STARTUP TIME --- 1379908823.3126
2013-09-23T12:00:23+08:00 DEBUG: session_id: kgng22uvg2uk6n0u4r1mlf6md7
2013-09-23T12:00:23+08:00 INFO: REQUEST METHOD：GET
2013-09-23T12:00:23+08:00 DEBUG: REQUEST UDI: default::tasks/index@default
2013-09-23T12:00:23+08:00 DEBUG: 127.0.0.1
2013-09-23T12:00:23+08:00 DEBUG: EXECUTE ACTION: Controller_Tasks::actionindex()
2013-09-23T12:00:23+08:00 DEBUG: [DB EXECUTE] USE `todo_db`
2013-09-23T12:00:23+08:00 DEBUG: [DB EXECUTE] SET NAMES 'utf8'
2013-09-23T12:00:23+08:00 DEBUG: [DB EXECUTE] SHOW FULL COLUMNS FROM `todo_db`.`users`
2013-09-23T12:00:23+08:00 DEBUG: [DB EXECUTE] SELECT `users`.*   FROM `todo_db`.`users`   WHERE ((user_id = '1')) LIMIT 1
2013-09-23T12:00:23+08:00 DEBUG: [DB EXECUTE] SHOW FULL COLUMNS FROM `todo_db`.`tasks`
2013-09-23T12:00:23+08:00 DEBUG: [DB EXECUTE] SELECT COUNT(*)   FROM `todo_db`.`tasks`   WHERE ((owner_id='1'))
2013-09-23T12:00:23+08:00 DEBUG: [DB EXECUTE] SELECT `tasks`.*   FROM `todo_db`.`tasks`   WHERE ((owner_id='1')) LIMIT 0, 5
2013-09-23T12:00:23+08:00 DEBUG: --- SHUTDOWN TIME --- 1379908823.4062 (0.09359884262085)sec
2013-09-23T12:00:27+08:00 DEBUG: --- STARTUP TIME --- 1379908827.1378
2013-09-23T12:00:27+08:00 DEBUG: session_id: kgng22uvg2uk6n0u4r1mlf6md7
2013-09-23T12:00:27+08:00 INFO: REQUEST METHOD：GET
2013-09-23T12:00:27+08:00 DEBUG: REQUEST UDI: default::tasks/edit@default
2013-09-23T12:00:27+08:00 DEBUG: 127.0.0.1
2013-09-23T12:00:27+08:00 DEBUG: EXECUTE ACTION: Controller_Tasks::actionedit()
2013-09-23T12:00:27+08:00 DEBUG: [DB EXECUTE] USE `todo_db`
2013-09-23T12:00:27+08:00 DEBUG: [DB EXECUTE] SET NAMES 'utf8'
2013-09-23T12:00:27+08:00 DEBUG: [DB EXECUTE] SHOW FULL COLUMNS FROM `todo_db`.`users`
2013-09-23T12:00:27+08:00 DEBUG: [DB EXECUTE] SELECT `users`.*   FROM `todo_db`.`users`   WHERE ((user_id = '1')) LIMIT 1
2013-09-23T12:00:27+08:00 DEBUG: [DB EXECUTE] SHOW FULL COLUMNS FROM `todo_db`.`tasks`
2013-09-23T12:00:27+08:00 DEBUG: [DB EXECUTE] SELECT `tasks`.*   FROM `todo_db`.`tasks`   WHERE ((task_id ='1' and owner_id ='1')) LIMIT 1
2013-09-23T12:00:27+08:00 DEBUG: --- SHUTDOWN TIME --- 1379908827.2112 (0.073418140411377)sec
