2013-09-26T16:12:10+08:00 DEBUG: --- STARTUP TIME --- 1380183130.7086
2013-09-26T16:12:10+08:00 DEBUG: session_id: bpoitu12arhcodq6ahfu7irt64
2013-09-26T16:12:10+08:00 INFO: REQUEST METHOD：GET
2013-09-26T16:12:10+08:00 DEBUG: REQUEST UDI: default::default/index@default
2013-09-26T16:12:10+08:00 DEBUG: 127.0.0.1
2013-09-26T16:12:10+08:00 DEBUG: EXECUTE ACTION: Controller_Default::actionindex()
2013-09-26T16:12:10+08:00 DEBUG: --- SHUTDOWN TIME --- 1380183130.7566 (0.048047065734863)sec
2013-09-26T16:12:15+08:00 DEBUG: --- STARTUP TIME --- 1380183135.5799
2013-09-26T16:12:15+08:00 DEBUG: session_id: bpoitu12arhcodq6ahfu7irt64
2013-09-26T16:12:15+08:00 INFO: REQUEST METHOD：GET
2013-09-26T16:12:15+08:00 DEBUG: REQUEST UDI: default::tasks/index@default
2013-09-26T16:12:15+08:00 DEBUG: 127.0.0.1
2013-09-26T16:12:15+08:00 DEBUG: EXECUTE ACTION: Controller_Tasks::actionindex()
2013-09-26T16:12:15+08:00 DEBUG: --- SHUTDOWN TIME --- 1380183135.6021 (0.022244930267334)sec
2013-09-26T16:12:17+08:00 DEBUG: --- STARTUP TIME --- 1380183137.219
2013-09-26T16:12:17+08:00 DEBUG: session_id: bpoitu12arhcodq6ahfu7irt64
2013-09-26T16:12:17+08:00 INFO: REQUEST METHOD：GET
2013-09-26T16:12:17+08:00 DEBUG: REQUEST UDI: default::default/index@default
2013-09-26T16:12:17+08:00 DEBUG: 127.0.0.1
2013-09-26T16:12:17+08:00 DEBUG: EXECUTE ACTION: Controller_Default::actionindex()
2013-09-26T16:12:17+08:00 DEBUG: --- SHUTDOWN TIME --- 1380183137.2473 (0.02832293510437)sec
2013-09-26T16:12:18+08:00 DEBUG: --- STARTUP TIME --- 1380183138.65
2013-09-26T16:12:18+08:00 DEBUG: session_id: bpoitu12arhcodq6ahfu7irt64
2013-09-26T16:12:18+08:00 INFO: REQUEST METHOD：GET
2013-09-26T16:12:18+08:00 DEBUG: REQUEST UDI: default::users/login@default
2013-09-26T16:12:18+08:00 DEBUG: 127.0.0.1
2013-09-26T16:12:18+08:00 DEBUG: EXECUTE ACTION: Controller_Users::actionlogin()
2013-09-26T16:12:18+08:00 DEBUG: --- SHUTDOWN TIME --- 1380183138.6838 (0.033791065216064)sec
2013-09-26T16:12:20+08:00 DEBUG: --- STARTUP TIME --- 1380183140.0381
2013-09-26T16:12:20+08:00 DEBUG: session_id: bpoitu12arhcodq6ahfu7irt64
2013-09-26T16:12:20+08:00 INFO: REQUEST METHOD：POST
2013-09-26T16:12:20+08:00 DEBUG: REQUEST UDI: default::users/login@default
2013-09-26T16:12:20+08:00 DEBUG: 127.0.0.1
2013-09-26T16:12:20+08:00 DEBUG: EXECUTE ACTION: Controller_Users::actionlogin()
2013-09-26T16:12:20+08:00 DEBUG: [DB EXECUTE] USE `todo_db`
2013-09-26T16:12:20+08:00 DEBUG: [DB EXECUTE] SET NAMES 'utf8'
2013-09-26T16:12:20+08:00 DEBUG: [DB EXECUTE] SHOW FULL COLUMNS FROM `todo_db`.`users`
2013-09-26T16:12:20+08:00 DEBUG: [DB EXECUTE] SELECT `users`.*   FROM `todo_db`.`users`   WHERE ((username ='steven')) LIMIT 1
2013-09-26T16:12:20+08:00 DEBUG: --- SHUTDOWN TIME --- 1380183140.1168 (0.078702926635742)sec
2013-09-26T16:12:20+08:00 DEBUG: --- STARTUP TIME --- 1380183140.1291
2013-09-26T16:12:20+08:00 DEBUG: session_id: bpoitu12arhcodq6ahfu7irt64
2013-09-26T16:12:20+08:00 INFO: REQUEST METHOD：GET
2013-09-26T16:12:20+08:00 DEBUG: REQUEST UDI: default::default/index@default
2013-09-26T16:12:20+08:00 DEBUG: 127.0.0.1
2013-09-26T16:12:20+08:00 DEBUG: EXECUTE ACTION: Controller_Default::actionindex()
2013-09-26T16:12:20+08:00 DEBUG: --- SHUTDOWN TIME --- 1380183140.1586 (0.02946400642395)sec
2013-09-26T16:12:23+08:00 DEBUG: --- STARTUP TIME --- 1380183143.0813
2013-09-26T16:12:23+08:00 DEBUG: session_id: bpoitu12arhcodq6ahfu7irt64
2013-09-26T16:12:23+08:00 INFO: REQUEST METHOD：GET
2013-09-26T16:12:23+08:00 DEBUG: REQUEST UDI: default::tasks/index@default
2013-09-26T16:12:23+08:00 DEBUG: 127.0.0.1
2013-09-26T16:12:23+08:00 DEBUG: EXECUTE ACTION: Controller_Tasks::actionindex()
2013-09-26T16:12:23+08:00 DEBUG: [DB EXECUTE] USE `todo_db`
2013-09-26T16:12:23+08:00 DEBUG: [DB EXECUTE] SET NAMES 'utf8'
2013-09-26T16:12:23+08:00 DEBUG: [DB EXECUTE] SHOW FULL COLUMNS FROM `todo_db`.`users`
2013-09-26T16:12:23+08:00 DEBUG: [DB EXECUTE] SELECT `users`.*   FROM `todo_db`.`users`   WHERE ((user_id = '1')) LIMIT 1
2013-09-26T16:12:23+08:00 DEBUG: [DB EXECUTE] SHOW FULL COLUMNS FROM `todo_db`.`tasks`
2013-09-26T16:12:23+08:00 DEBUG: [DB EXECUTE] SELECT COUNT(*)   FROM `todo_db`.`tasks`   WHERE ((owner_id='1'))
2013-09-26T16:12:23+08:00 DEBUG: [DB EXECUTE] SELECT `tasks`.*   FROM `todo_db`.`tasks`   WHERE ((owner_id='1')) LIMIT 0, 5
2013-09-26T16:12:23+08:00 DEBUG: --- SHUTDOWN TIME --- 1380183143.1528 (0.071511030197144)sec
2013-09-26T16:14:07+08:00 DEBUG: --- STARTUP TIME --- 1380183247.9753
2013-09-26T16:14:07+08:00 DEBUG: session_id: bpoitu12arhcodq6ahfu7irt64
2013-09-26T16:14:07+08:00 INFO: REQUEST METHOD：GET
2013-09-26T16:14:07+08:00 DEBUG: REQUEST UDI: default::tasks/index@default
2013-09-26T16:14:07+08:00 DEBUG: 127.0.0.1
2013-09-26T16:14:07+08:00 DEBUG: EXECUTE ACTION: Controller_Tasks::actionindex()
2013-09-26T16:14:08+08:00 DEBUG: [DB EXECUTE] USE `todo_db`
2013-09-26T16:14:08+08:00 DEBUG: [DB EXECUTE] SET NAMES 'utf8'
2013-09-26T16:14:08+08:00 DEBUG: [DB EXECUTE] SHOW FULL COLUMNS FROM `todo_db`.`users`
2013-09-26T16:14:08+08:00 DEBUG: [DB EXECUTE] SELECT `users`.*   FROM `todo_db`.`users`   WHERE ((user_id = '1')) LIMIT 1
2013-09-26T16:14:08+08:00 DEBUG: [DB EXECUTE] SHOW FULL COLUMNS FROM `todo_db`.`tasks`
2013-09-26T16:14:08+08:00 DEBUG: [DB EXECUTE] SELECT COUNT(*)   FROM `todo_db`.`tasks`   WHERE ((owner_id='1') AND (`onwer`.`username`='steven'))
2013-09-26T16:14:08+08:00 DEBUG: --- SHUTDOWN TIME --- 1380183248.029 (0.053733110427856)sec
2013-09-26T16:14:30+08:00 DEBUG: --- STARTUP TIME --- 1380183270.9116
2013-09-26T16:14:30+08:00 DEBUG: session_id: bpoitu12arhcodq6ahfu7irt64
2013-09-26T16:14:30+08:00 INFO: REQUEST METHOD：GET
2013-09-26T16:14:30+08:00 DEBUG: REQUEST UDI: default::tasks/index@default
2013-09-26T16:14:30+08:00 DEBUG: 127.0.0.1
2013-09-26T16:14:30+08:00 DEBUG: EXECUTE ACTION: Controller_Tasks::actionindex()
2013-09-26T16:14:30+08:00 DEBUG: [DB EXECUTE] USE `todo_db`
2013-09-26T16:14:30+08:00 DEBUG: [DB EXECUTE] SET NAMES 'utf8'
2013-09-26T16:14:30+08:00 DEBUG: [DB EXECUTE] SHOW FULL COLUMNS FROM `todo_db`.`users`
2013-09-26T16:14:30+08:00 DEBUG: [DB EXECUTE] SELECT `users`.*   FROM `todo_db`.`users`   WHERE ((user_id = '1')) LIMIT 1
2013-09-26T16:14:30+08:00 DEBUG: [DB EXECUTE] SHOW FULL COLUMNS FROM `todo_db`.`tasks`
2013-09-26T16:14:30+08:00 DEBUG: [DB EXECUTE] SELECT COUNT(*)   FROM `todo_db`.`tasks`  INNER JOIN `todo_db`.`users`   ON (`todo_db`.`users`.`user_id` = `tasks`.`owner_id` )   WHERE ((owner_id='1') AND (`todo_db`.`users`.`username`='steven'))
2013-09-26T16:14:30+08:00 DEBUG: [DB EXECUTE] SELECT `tasks`.*   FROM `todo_db`.`tasks`  INNER JOIN `todo_db`.`users`   ON (`todo_db`.`users`.`user_id` = `tasks`.`owner_id` )   WHERE ((owner_id='1') AND (`todo_db`.`users`.`username`='steven')) LIMIT 0, 5
2013-09-26T16:14:31+08:00 DEBUG: --- SHUTDOWN TIME --- 1380183271.009 (0.097381114959717)sec
